<?xml version="1.0" encoding="UTF-8"?>
<testng-results skipped="0" failed="0" total="2" passed="2">
  <reporter-output>
  </reporter-output>
  <suite name="Cucumber Framework" duration-ms="26026" started-at="2020-03-26T18:43:27Z" finished-at="2020-03-26T18:43:53Z">
    <groups>
      <group name="cucumber">
        <method signature="AbstractTestNGCucumberTests.feature(cucumber.api.testng.CucumberFeatureWrapper)[pri:0, instance:runners.MainRunner@27c20538]" name="feature" class="cucumber.api.testng.AbstractTestNGCucumberTests"/>
      </group> <!-- cucumber -->
    </groups>
    <test name="Cucumber Tests" duration-ms="26026" started-at="2020-03-26T18:43:27Z" finished-at="2020-03-26T18:43:53Z">
      <class name="runners.MainRunner">
        <test-method status="PASS" signature="setUpClass()[pri:0, instance:runners.MainRunner@27c20538]" name="setUpClass" is-config="true" duration-ms="722" started-at="2020-03-26T18:43:27Z" finished-at="2020-03-26T18:43:28Z">
          <reporter-output>
          </reporter-output>
        </test-method> <!-- setUpClass -->
        <test-method status="PASS" signature="feature(cucumber.api.testng.CucumberFeatureWrapper)[pri:0, instance:runners.MainRunner@27c20538]" name="feature" duration-ms="11497" started-at="2020-03-26T18:43:28Z" description="Runs Cucumber Feature" data-provider="features" finished-at="2020-03-26T18:43:40Z">
          <params>
            <param index="0">
              <value>
                <![CDATA[Submit data to webdriveruniversity.com using contact us form]]>
              </value>
            </param>
          </params>
          <reporter-output>
          </reporter-output>
        </test-method> <!-- feature -->
        <test-method status="PASS" signature="feature(cucumber.api.testng.CucumberFeatureWrapper)[pri:0, instance:runners.MainRunner@27c20538]" name="feature" duration-ms="12927" started-at="2020-03-26T18:43:40Z" description="Runs Cucumber Feature" data-provider="features" finished-at="2020-03-26T18:43:53Z">
          <params>
            <param index="0">
              <value>
                <![CDATA[Products page]]>
              </value>
            </param>
          </params>
          <reporter-output>
          </reporter-output>
        </test-method> <!-- feature -->
        <test-method status="PASS" signature="tearDownClass()[pri:0, instance:runners.MainRunner@27c20538]" name="tearDownClass" is-config="true" duration-ms="644" started-at="2020-03-26T18:43:53Z" finished-at="2020-03-26T18:43:53Z">
          <reporter-output>
          </reporter-output>
        </test-method> <!-- tearDownClass -->
      </class> <!-- runners.MainRunner -->
    </test> <!-- Cucumber Tests -->
  </suite> <!-- Cucumber Framework -->
</testng-results>
